[0514/175759.632:INFO:CONSOLE(4)] "MessageSend:: <<FrontEnd>> AuthenticationService.isAuthenticated() > hasToken: false", source: https://eastus-ep-modeler-prd.azureedge.net/authentication.370b06df02c311080477.js (4)
[0514/175801.711:INFO:CONSOLE(4)] "MessageSend:: <<FrontEnd>> desktop-data.service >> DesktopData.external >> ["authentication","openProxySettings","setProxySettings","openSupportLink","reloadPage","getUserEmail","executeAction","close","openLink","setWindowSize","isAlphaEnvironment","registryLogsMessages","equals","getHashCode","toString"]", source: https://eastus-ep-modeler-prd.azureedge.net/authentication.370b06df02c311080477.js (4)
[0514/175801.712:INFO:CONSOLE(4)] "MessageSend:: <<FrontEnd>> desktop-data.service >> DesktopData.replaceCurrentURLAuthenticationCalled: True", source: https://eastus-ep-modeler-prd.azureedge.net/authentication.370b06df02c311080477.js (4)
[0514/175801.712:INFO:CONSOLE(4)] "MessageSend:: <<FrontEnd>> desktop-data.service >> DesktopData.replaceCurrentURLAuthentication.pathname: /auth", source: https://eastus-ep-modeler-prd.azureedge.net/authentication.370b06df02c311080477.js (4)
[0514/175801.712:INFO:CONSOLE(4)] "MessageSend:: <<FrontEnd>> desktop-data.service >> DesktopData.replaceCurrentURLAuthentication.URLWindow.href: https://model.bizagi.com/auth?isModeler=true&lang=es&guid=6467e458-9683-470d-b705-6f94ed95f71b&r=638513062772721548", source: https://eastus-ep-modeler-prd.azureedge.net/authentication.370b06df02c311080477.js (4)
[0514/175801.713:INFO:CONSOLE(4)] "MessageSend:: <<FrontEnd>> desktop-data.service >> DesktopData.replaceCurrentURLAuthentication() > return: False", source: https://eastus-ep-modeler-prd.azureedge.net/authentication.370b06df02c311080477.js (4)
[0514/175801.713:INFO:CONSOLE(4)] "MessageSend:: <<FrontEnd>>  AuthenticationService.replaceCurrentURLAuthenticationCalled: True", source: https://eastus-ep-modeler-prd.azureedge.net/authentication.370b06df02c311080477.js (4)
[0514/175801.713:INFO:CONSOLE(4)] "MessageSend:: <<FrontEnd>> AuthenticationService.authenticateWithOauthClient() >> tokenManagerService.getDesktopToken(): called > true", source: https://eastus-ep-modeler-prd.azureedge.net/authentication.370b06df02c311080477.js (4)
[0514/175801.714:INFO:CONSOLE(4)] "MessageSend:: <<FronEnd>> TokenManagerService.getDesktopToken::desktopData.getCredentials() >> Called: true", source: https://eastus-ep-modeler-prd.azureedge.net/authentication.370b06df02c311080477.js (4)
[0514/175801.714:INFO:CONSOLE(4)] "MessageSend:: <<FronEnd>> TokenManagerService.getDesktopToken():: Return >> "null or empty"", source: https://eastus-ep-modeler-prd.azureedge.net/authentication.370b06df02c311080477.js (4)
[0514/175801.899:INFO:CONSOLE(4)] "MessageSend:: <<FrontEnd>> AuthenticationService.authenticateWithOauthClient() >> oAuthService.initAndLogin()<Promise> : called > true", source: https://eastus-ep-modeler-prd.azureedge.net/authentication.370b06df02c311080477.js (4)
[0514/175801.900:INFO:CONSOLE(4)] "MessageSend:: <<FrontEnd>> AuthenticationService.authenticateWithOauthClient() >> oAuthService.getAccessToken() : called > true", source: https://eastus-ep-modeler-prd.azureedge.net/authentication.370b06df02c311080477.js (4)
[0514/175801.900:INFO:CONSOLE(4)] "MessageSend:: <<FrontEnd>> AuthenticationService.authenticateWithOauthClient() >> oAuthService.getAccessToken() : return > "Token null o empty"", source: https://eastus-ep-modeler-prd.azureedge.net/authentication.370b06df02c311080477.js (4)
[0514/175801.900:INFO:CONSOLE(4)] "MessageSend:: <<FrontEnd>> AuthenticationService.isAuthenticated.authenticateWithOauthClient: Called: True", source: https://eastus-ep-modeler-prd.azureedge.net/authentication.370b06df02c311080477.js (4)
[0514/175801.900:INFO:CONSOLE(4)] "MessageSend:: <<FrontEnd>> AuthenticationService.isAuthenticated() > return: True", source: https://eastus-ep-modeler-prd.azureedge.net/authentication.370b06df02c311080477.js (4)
[0514/175804.960:INFO:CONSOLE(1)] "Preflight request for request with keepalive specified is currently not supported", source: https://accounts.bizagi.com/2024_2_26__23_10_22/polyfills.js (1)
[0514/180042.623:INFO:CONSOLE(0)] "A cookie associated with a cross-site resource at https://741-tej-653.mktoresp.com/ was set without the `SameSite` attribute. A future release of Chrome will only deliver cookies with cross-site requests if they are set with `SameSite=None` and `Secure`. You can review cookies in developer tools under Application>Storage>Cookies and see more details at https://www.chromestatus.com/feature/5088147346030592 and https://www.chromestatus.com/feature/5633521622188032.", source: https://accounts.bizagi.com/?l=es (0)
[0514/180042.804:INFO:CONSOLE(1)] "Preflight request for request with keepalive specified is currently not supported", source: https://accounts.bizagi.com/2024_2_26__23_10_22/polyfills.js (1)
[0514/180042.860:WARNING:spdy_session.cc(3365)] Received HEADERS for invalid stream 15
[0514/180051.575:INFO:CONSOLE(5)] "ERROR TypeError: Cannot read property 'subscriptionType' of undefined", source: file:///C:/Program%20Files/Bizagi/Bizagi%20Modeler/ModelExplorer/model-explorer.js (5)
[0514/180056.109:INFO:CONSOLE(4)] "[object Object]", source: file:///C:/Program%20Files/Bizagi/Bizagi%20Modeler/ModelerProcessEditor/output/modeler-bpmn-editor.min.js (4)
[0514/184403.350:INFO:CONSOLE(5)] "ERROR TypeError: Cannot read property 'subscriptionType' of undefined", source: file:///C:/Program%20Files/Bizagi/Bizagi%20Modeler/ModelExplorer/model-explorer.js (5)
[0514/184509.864:INFO:CONSOLE(4)] "[object Object]", source: file:///C:/Program%20Files/Bizagi/Bizagi%20Modeler/ModelerProcessEditor/output/modeler-bpmn-editor.min.js (4)
[0514/184748.301:INFO:CONSOLE(4)] "[object Object]", source: file:///C:/Program%20Files/Bizagi/Bizagi%20Modeler/ModelerProcessEditor/output/modeler-bpmn-editor.min.js (4)
[0514/184751.743:INFO:CONSOLE(4)] "[object Object]", source: file:///C:/Program%20Files/Bizagi/Bizagi%20Modeler/ModelerProcessEditor/output/modeler-bpmn-editor.min.js (4)
[0514/185000.433:INFO:CONSOLE(4)] "[object Object]", source: file:///C:/Program%20Files/Bizagi/Bizagi%20Modeler/ModelerProcessEditor/output/modeler-bpmn-editor.min.js (4)
[0514/185005.454:INFO:CONSOLE(4)] "[object Object]", source: file:///C:/Program%20Files/Bizagi/Bizagi%20Modeler/ModelerProcessEditor/output/modeler-bpmn-editor.min.js (4)
[0514/185008.964:INFO:CONSOLE(4)] "[object Object]", source: file:///C:/Program%20Files/Bizagi/Bizagi%20Modeler/ModelerProcessEditor/output/modeler-bpmn-editor.min.js (4)
[0514/185012.176:INFO:CONSOLE(4)] "[object Object]", source: file:///C:/Program%20Files/Bizagi/Bizagi%20Modeler/ModelerProcessEditor/output/modeler-bpmn-editor.min.js (4)
[0514/185305.428:INFO:CONSOLE(5)] "ERROR TypeError: Cannot read property 'subscriptionType' of undefined", source: file:///C:/Program%20Files/Bizagi/Bizagi%20Modeler/ModelExplorer/model-explorer.js (5)
[0521/082227.381:ERROR:browser_host_impl.cc(234)] Creating a windowless browser without setting CefSettings.windowless_rendering_enabled may result in reduced performance or runtime errors.
[0521/082227.728:ERROR:context.cc(211)] The cache_path directory (C:\Users\oroca\OneDrive\Universidad\TPI ASI\BPMN\cache\path1) is not a child of the root_cache_path directory (C:\Users\oroca\AppData\Local\Temp\BPM2\CefSharpCache)
[0521/082227.728:ERROR:context.cc(235)] The cache_path is invalid. Defaulting to in-memory storage.
[0521/082233.770:INFO:CONSOLE(4)] "MessageSend:: <<FrontEnd>> AuthenticationService.isAuthenticated() > hasToken: false", source: https://eastus-ep-modeler-prd.azureedge.net/authentication.370b06df02c311080477.js (4)
[0521/082243.850:ERROR:browser_host_impl.cc(234)] Creating a windowless browser without setting CefSettings.windowless_rendering_enabled may result in reduced performance or runtime errors.
[0521/082243.850:ERROR:context.cc(211)] The cache_path directory (C:\Users\oroca\OneDrive\Universidad\TPI ASI\BPMN\cache\path1) is not a child of the root_cache_path directory (C:\Users\oroca\AppData\Local\Temp\BPM2\CefSharpCache)
[0521/082243.850:ERROR:context.cc(235)] The cache_path is invalid. Defaulting to in-memory storage.
[0521/082244.136:INFO:CONSOLE(5)] "ERROR TypeError: Cannot read property 'subscriptionType' of undefined", source: file:///C:/Program%20Files/Bizagi/Bizagi%20Modeler/ModelExplorer/model-explorer.js (5)
[0521/082254.008:INFO:CONSOLE(4)] "[object Object]", source: file:///C:/Program%20Files/Bizagi/Bizagi%20Modeler/ModelerProcessEditor/output/modeler-bpmn-editor.min.js (4)
[0521/092452.461:INFO:CONSOLE(4)] "[object Object]", source: file:///C:/Program%20Files/Bizagi/Bizagi%20Modeler/ModelerProcessEditor/output/modeler-bpmn-editor.min.js (4)
[0604/091545.985:ERROR:browser_host_impl.cc(234)] Creating a windowless browser without setting CefSettings.windowless_rendering_enabled may result in reduced performance or runtime errors.
[0604/091545.985:ERROR:context.cc(211)] The cache_path directory (C:\Users\oroca\OneDrive\Universidad\TPI ASI\BPMN\cache\path1) is not a child of the root_cache_path directory (C:\Users\oroca\AppData\Local\Temp\BPM2\CefSharpCache)
[0604/091545.985:ERROR:context.cc(235)] The cache_path is invalid. Defaulting to in-memory storage.
[0604/091601.004:ERROR:browser_host_impl.cc(234)] Creating a windowless browser without setting CefSettings.windowless_rendering_enabled may result in reduced performance or runtime errors.
[0604/091601.004:ERROR:context.cc(211)] The cache_path directory (C:\Users\oroca\OneDrive\Universidad\TPI ASI\BPMN\cache\path1) is not a child of the root_cache_path directory (C:\Users\oroca\AppData\Local\Temp\BPM2\CefSharpCache)
[0604/091601.004:ERROR:context.cc(235)] The cache_path is invalid. Defaulting to in-memory storage.
[0604/091601.286:INFO:CONSOLE(5)] "ERROR TypeError: Cannot read property 'subscriptionType' of undefined", source: file:///C:/Program%20Files/Bizagi/Bizagi%20Modeler/ModelExplorer/model-explorer.js (5)
[0604/092334.793:INFO:CONSOLE(4)] "[object Object]", source: file:///C:/Program%20Files/Bizagi/Bizagi%20Modeler/ModelerProcessEditor/output/modeler-bpmn-editor.min.js (4)
[0604/092343.037:INFO:CONSOLE(4)] "[object Object]", source: file:///C:/Program%20Files/Bizagi/Bizagi%20Modeler/ModelerProcessEditor/output/modeler-bpmn-editor.min.js (4)
[0604/100012.756:INFO:CONSOLE(4)] "[object Object]", source: file:///C:/Program%20Files/Bizagi/Bizagi%20Modeler/ModelerProcessEditor/output/modeler-bpmn-editor.min.js (4)
